<?xml version="1.0" encoding="UTF-8"?>
<!-- Generated by org.testng.reporters.JUnitXMLReporter -->
<testsuite ignored="0" hostname="DESKTOP-6431BHU" failures="1" tests="2" name="Test" time="14.966" errors="0" timestamp="09 Feb 2021 12:38:46 GMT">
  <testcase classname="Runner.Flow" name="FunctionalFow" time="9.798"/>
  <testcase classname="Runner.Flow" name="FunctionalFow" time="9.826">
    <failure type="java.lang.NullPointerException" message="Cannot invoke &amp;quot;com.aventstack.extentreports.ExtentTest.log(com.aventstack.extentreports.Status, String)&amp;quot; because &amp;quot;listeners.ListenerTest.extentTest&amp;quot; is null">
      <![CDATA[java.lang.NullPointerException: Cannot invoke "com.aventstack.extentreports.ExtentTest.log(com.aventstack.extentreports.Status, String)" because "listeners.ListenerTest.extentTest" is null
at listeners.ListenerTest.onTestSuccess(ListenerTest.java:35)
... Removed 22 stack frames]]>
    </failure>
  </testcase> <!-- FunctionalFow -->
</testsuite> <!-- Test -->
